<?xml version="1.0" encoding="UTF-8"?>
<!-- Generated by org.testng.reporters.JUnitReportReporter -->
<testsuite skipped="0" hostname="DESKTOP-S8JFPLM" name="maven.mavenproject.HandlingDropdown" tests="1" failures="0" timestamp="23 Apr 2020 05:59:26 GMT" time="59.576" errors="0">
  <testcase name="selectOption" time="59.576" classname="maven.mavenproject.HandlingDropdown"/>
</testsuite> <!-- maven.mavenproject.HandlingDropdown -->
