<?xml version="1.0" encoding="UTF-8"?>
<!-- Generated by org.testng.reporters.JUnitReportReporter -->
<testsuite skipped="1" hostname="DESKTOP-S8JFPLM" name="maven.mavenproject.Test2" tests="4" failures="0" timestamp="22 Apr 2020 12:44:39 GMT" time="0.019" errors="0">
  <testcase name="testCase1" time="0.011" classname="maven.mavenproject.Test2"/>
  <testcase name="testCase1" time="0.005" classname="maven.mavenproject.Test2"/>
  <testcase name="testCase3" time="0.003" classname="maven.mavenproject.Test2"/>
  <testcase name="testCase2" classname="maven.mavenproject.Test2">
    <skipped/>
  </testcase> <!-- testCase2 -->
</testsuite> <!-- maven.mavenproject.Test2 -->
