<?xml version="1.0" encoding="UTF-8"?>
<!-- Generated by org.testng.reporters.JUnitReportReporter -->
<testsuite skipped="0" hostname="DESKTOP-S8JFPLM" name="MercuryTours.Test1" tests="1" failures="0" timestamp="23 Apr 2020 12:44:42 GMT" time="152.357" errors="0">
  <testcase name="login" time="152.357" classname="MercuryTours.Test1"/>
</testsuite> <!-- MercuryTours.Test1 -->
