<?xml version="1.0" encoding="UTF-8"?>
<!-- Generated by org.testng.reporters.JUnitReportReporter -->
<testsuite skipped="0" hostname="DESKTOP-S8JFPLM" name="MercuryTours.Test1" tests="1" failures="0" timestamp="24 Apr 2020 10:57:39 GMT" time="45.698" errors="0">
  <testcase name="login" time="45.698" classname="MercuryTours.Test1"/>
</testsuite> <!-- MercuryTours.Test1 -->
