<?xml version="1.0" encoding="UTF-8"?>
<!-- Generated by org.testng.reporters.JUnitReportReporter -->
<testsuite skipped="0" hostname="DESKTOP-S8JFPLM" name="maven.mavenproject.TestGroups" tests="2" failures="0" timestamp="22 Apr 2020 12:51:04 GMT" time="0.018" errors="0">
  <testcase name="beforeTest" time="0.008" classname="maven.mavenproject.TestGroups"/>
  <testcase name="beforeClass" time="0.010" classname="maven.mavenproject.TestGroups"/>
</testsuite> <!-- maven.mavenproject.TestGroups -->
