<?xml version="1.0" encoding="UTF-8"?>
<!-- Generated by org.testng.reporters.JUnitReportReporter -->
<testsuite skipped="1" hostname="DESKTOP-S8JFPLM" name="maven.mavenproject.NewTest" tests="4" failures="0" timestamp="22 Apr 2020 12:30:24 GMT" time="0.024" errors="0">
  <testcase name="testCase1" time="0.010" classname="maven.mavenproject.NewTest"/>
  <testcase name="testCase1" time="0.012" classname="maven.mavenproject.NewTest"/>
  <testcase name="testCase3" time="0.002" classname="maven.mavenproject.NewTest"/>
  <testcase name="testCase2" classname="maven.mavenproject.NewTest">
    <skipped/>
  </testcase> <!-- testCase2 -->
</testsuite> <!-- maven.mavenproject.NewTest -->
