<?xml version="1.0" encoding="UTF-8"?>
<!-- Generated by org.testng.reporters.JUnitReportReporter -->
<testsuite skipped="0" hostname="DESKTOP-S8JFPLM" name="Practice.TestCase1" tests="1" failures="0" timestamp="23 Apr 2020 07:46:40 GMT" time="10.614" errors="0">
  <testcase name="verifyHomePageTitle" time="10.614" classname="Practice.TestCase1"/>
</testsuite> <!-- Practice.TestCase1 -->
