<?xml version="1.0" encoding="UTF-8"?>
<!-- Generated by org.testng.reporters.JUnitReportReporter -->
<testsuite skipped="0" hostname="DESKTOP-S8JFPLM" name="maven.mavenproject.Handling_Radiobutton" tests="1" failures="0" timestamp="23 Apr 2020 11:41:49 GMT" time="98.048" errors="0">
  <testcase name="selectradiobutton" time="98.048" classname="maven.mavenproject.Handling_Radiobutton"/>
</testsuite> <!-- maven.mavenproject.Handling_Radiobutton -->
