<?xml version="1.0" encoding="UTF-8"?>
<!-- Generated by org.testng.reporters.JUnitReportReporter -->
<testsuite skipped="0" hostname="DESKTOP-S8JFPLM" name="maven.mavenproject.News" tests="1" failures="0" timestamp="22 Apr 2020 12:26:37 GMT" time="0.035" errors="0">
  <testcase name="f" time="0.035" classname="maven.mavenproject.News"/>
</testsuite> <!-- maven.mavenproject.News -->
